                              1 ;--------------------------------------------------------
                              2 ; File Created by SDCC : free open source ANSI-C Compiler
                              3 ; Version 2.9.0 #5416 (Feb  7 2011) (MSVC)
                              4 ; This file was generated Fri Jun 17 14:55:29 2016
                              5 ;--------------------------------------------------------
                              6 	.module T2
                              7 	.optsdcc -mxc800 --model-small
                              8 	
                              9 ;--------------------------------------------------------
                             10 ; Public variables in this module
                             11 ;--------------------------------------------------------
                             12 	.globl _P4_3
                             13 	.globl _P4_1
                             14 	.globl _P4_0
                             15 	.globl _P3_7
                             16 	.globl _P3_6
                             17 	.globl _P3_5
                             18 	.globl _P3_4
                             19 	.globl _P3_3
                             20 	.globl _P3_2
                             21 	.globl _P3_1
                             22 	.globl _P3_0
                             23 	.globl _P2_7
                             24 	.globl _P2_6
                             25 	.globl _P2_5
                             26 	.globl _P2_4
                             27 	.globl _P2_3
                             28 	.globl _P2_2
                             29 	.globl _P2_1
                             30 	.globl _P2_0
                             31 	.globl _P1_7
                             32 	.globl _P1_6
                             33 	.globl _P1_5
                             34 	.globl _P1_4
                             35 	.globl _P1_3
                             36 	.globl _P1_2
                             37 	.globl _P1_1
                             38 	.globl _P1_0
                             39 	.globl _P0_7
                             40 	.globl _P0_5
                             41 	.globl _P0_4
                             42 	.globl _P0_3
                             43 	.globl _P0_2
                             44 	.globl _P0_1
                             45 	.globl _P0_0
                             46 	.globl _TI_1
                             47 	.globl _TB8_1
                             48 	.globl _SM2_1
                             49 	.globl _SM1_1
                             50 	.globl _SM0_1
                             51 	.globl _RI_1
                             52 	.globl _REN_1
                             53 	.globl _RB8_1
                             54 	.globl _TR1
                             55 	.globl _TR0
                             56 	.globl _TF1
                             57 	.globl _TF0
                             58 	.globl _IT1
                             59 	.globl _IT0
                             60 	.globl _IE1
                             61 	.globl _IE0
                             62 	.globl _TR2
                             63 	.globl _TF2
                             64 	.globl _EXF2
                             65 	.globl _EXEN2
                             66 	.globl _CP_RL2
                             67 	.globl _C_T2
                             68 	.globl _TI
                             69 	.globl _TB8
                             70 	.globl _SM2
                             71 	.globl _SM1
                             72 	.globl _SM0
                             73 	.globl _RI
                             74 	.globl _REN
                             75 	.globl _RB8
                             76 	.globl _RS1
                             77 	.globl _RS0
                             78 	.globl _P
                             79 	.globl _OV
                             80 	.globl _F1
                             81 	.globl _F0
                             82 	.globl _CY
                             83 	.globl _AC
                             84 	.globl _MDU_BSY
                             85 	.globl _IRDY
                             86 	.globl _IERR
                             87 	.globl _PX1
                             88 	.globl _PX0
                             89 	.globl _PT2
                             90 	.globl _PT1
                             91 	.globl _PT0
                             92 	.globl _PS
                             93 	.globl _PXM
                             94 	.globl _PX2
                             95 	.globl _PSSC
                             96 	.globl _PCCIP3
                             97 	.globl _PCCIP2
                             98 	.globl _PCCIP1
                             99 	.globl _PCCIP0
                            100 	.globl _PADC
                            101 	.globl _EXM
                            102 	.globl _EX2
                            103 	.globl _ESSC
                            104 	.globl _ECCIP3
                            105 	.globl _ECCIP2
                            106 	.globl _ECCIP1
                            107 	.globl _ECCIP0
                            108 	.globl _EADC
                            109 	.globl _EX1
                            110 	.globl _EX0
                            111 	.globl _ET2
                            112 	.globl _ET1
                            113 	.globl _ET0
                            114 	.globl _ES
                            115 	.globl _EA
                            116 	.globl _KEEPZ
                            117 	.globl _KEEPY
                            118 	.globl _KEEPX
                            119 	.globl _INT_EN
                            120 	.globl _ERROR
                            121 	.globl _EOC
                            122 	.globl _DMAP
                            123 	.globl _CD_BSY
                            124 	.globl _T2_T2LH
                            125 	.globl _T2_RC2LH
                            126 	.globl _CCU6_T13PRLH
                            127 	.globl _CCU6_T13LH
                            128 	.globl _CCU6_T12PRLH
                            129 	.globl _CCU6_T12LH
                            130 	.globl _CCU6_CC63SRLH
                            131 	.globl _CCU6_CC63RLH
                            132 	.globl _CCU6_CC62SRLH
                            133 	.globl _CCU6_CC62RLH
                            134 	.globl _CCU6_CC61SRLH
                            135 	.globl _CCU6_CC61RLH
                            136 	.globl _CCU6_CC60SRLH
                            137 	.globl _CCU6_CC60RLH
                            138 	.globl _ADC_RESRA3LH
                            139 	.globl _ADC_RESRA2LH
                            140 	.globl _ADC_RESRA1LH
                            141 	.globl _ADC_RESRA0LH
                            142 	.globl _ADC_RESR3LH
                            143 	.globl _ADC_RESR2LH
                            144 	.globl _ADC_RESR1LH
                            145 	.globl _ADC_RESR0LH
                            146 	.globl _XADDRH
                            147 	.globl _WDTWINB
                            148 	.globl _WDTREL
                            149 	.globl _WDTL
                            150 	.globl _WDTH
                            151 	.globl _WDTCON
                            152 	.globl _UART1_SCON
                            153 	.globl _UART1_SBUF
                            154 	.globl _UART1_FDSTEP
                            155 	.globl _UART1_FDRES
                            156 	.globl _UART1_FDCON
                            157 	.globl _UART1_BG
                            158 	.globl _UART1_BCON
                            159 	.globl _TMOD
                            160 	.globl _TL1
                            161 	.globl _TL0
                            162 	.globl _TH1
                            163 	.globl _TH0
                            164 	.globl _TCON
                            165 	.globl _T2_T2MOD
                            166 	.globl _T2_T2L
                            167 	.globl _T2_T2H
                            168 	.globl _T2_T2CON
                            169 	.globl _T2_RC2L
                            170 	.globl _T2_RC2H
                            171 	.globl _T21_T2MOD
                            172 	.globl _T21_T2L
                            173 	.globl _T21_T2H
                            174 	.globl _T21_T2CON
                            175 	.globl _T21_RC2L
                            176 	.globl _T21_RC2H
                            177 	.globl _SYSCON0
                            178 	.globl _SSC_TBL
                            179 	.globl _SSC_RBL
                            180 	.globl _SSC_PISEL
                            181 	.globl _SSC_CONL_P
                            182 	.globl _SSC_CONL_O
                            183 	.globl _SSC_CONH_P
                            184 	.globl _SSC_CONH_O
                            185 	.globl _SSC_BRL
                            186 	.globl _SSC_BRH
                            187 	.globl _SP
                            188 	.globl _SCU_PAGE
                            189 	.globl _SCON
                            190 	.globl _SBUF
                            191 	.globl _PSW
                            192 	.globl _PORT_PAGE
                            193 	.globl _PMCON2
                            194 	.globl _PMCON1
                            195 	.globl _PMCON0
                            196 	.globl _PLL_CON
                            197 	.globl _PCON
                            198 	.globl _PASSWD
                            199 	.globl _P5_PUDSEL
                            200 	.globl _P5_PUDEN
                            201 	.globl _P5_OD
                            202 	.globl _P5_DIR
                            203 	.globl _P5_DATA
                            204 	.globl _P5_ALTSEL1
                            205 	.globl _P5_ALTSEL0
                            206 	.globl _P4_PUDSEL
                            207 	.globl _P4_PUDEN
                            208 	.globl _P4_OD
                            209 	.globl _P4_DIR
                            210 	.globl _P4_DATA
                            211 	.globl _P4_ALTSEL1
                            212 	.globl _P4_ALTSEL0
                            213 	.globl _P3_PUDSEL
                            214 	.globl _P3_PUDEN
                            215 	.globl _P3_OD
                            216 	.globl _P3_DIR
                            217 	.globl _P3_DATA
                            218 	.globl _P3_ALTSEL1
                            219 	.globl _P3_ALTSEL0
                            220 	.globl _P2_PUDSEL
                            221 	.globl _P2_PUDEN
                            222 	.globl _P2_DIR
                            223 	.globl _P2_DATA
                            224 	.globl _P1_PUDSEL
                            225 	.globl _P1_PUDEN
                            226 	.globl _P1_OD
                            227 	.globl _P1_DIR
                            228 	.globl _P1_DATA
                            229 	.globl _P1_ALTSEL1
                            230 	.globl _P1_ALTSEL0
                            231 	.globl _P0_PUDSEL
                            232 	.globl _P0_PUDEN
                            233 	.globl _P0_OD
                            234 	.globl _P0_DIR
                            235 	.globl _P0_DATA
                            236 	.globl _P0_ALTSEL1
                            237 	.globl _P0_ALTSEL0
                            238 	.globl _OSC_CON
                            239 	.globl _NMISR
                            240 	.globl _NMICON
                            241 	.globl _MODSUSP
                            242 	.globl _MODPISEL2
                            243 	.globl _MODPISEL1
                            244 	.globl _MODPISEL
                            245 	.globl _MMWR2
                            246 	.globl _MMWR1
                            247 	.globl _MMSR
                            248 	.globl _MMICR
                            249 	.globl _MMDR
                            250 	.globl _MMCR2
                            251 	.globl _MMCR
                            252 	.globl _MMBPCR
                            253 	.globl _MISC_CON
                            254 	.globl _MDU_MR5
                            255 	.globl _MDU_MR4
                            256 	.globl _MDU_MR3
                            257 	.globl _MDU_MR2
                            258 	.globl _MDU_MR1
                            259 	.globl _MDU_MR0
                            260 	.globl _MDU_MDUSTAT
                            261 	.globl _MDU_MDUCON
                            262 	.globl _MDU_MD5
                            263 	.globl _MDU_MD4
                            264 	.globl _MDU_MD3
                            265 	.globl _MDU_MD2
                            266 	.globl _MDU_MD1
                            267 	.globl _MDU_MD0
                            268 	.globl _IRCON4
                            269 	.globl _IRCON3
                            270 	.globl _IRCON2
                            271 	.globl _IRCON1
                            272 	.globl _IRCON0
                            273 	.globl _IPH1
                            274 	.globl _IPH
                            275 	.globl _IP1
                            276 	.globl _IP
                            277 	.globl _IEN1
                            278 	.globl _IEN0
                            279 	.globl _ID
                            280 	.globl _HWBPSR
                            281 	.globl _HWBPDR
                            282 	.globl _FEAL
                            283 	.globl _FEAH
                            284 	.globl _FDSTEP
                            285 	.globl _FDRES
                            286 	.globl _FDCON
                            287 	.globl _EXICON1
                            288 	.globl _EXICON0
                            289 	.globl _EO
                            290 	.globl _DPL
                            291 	.globl _DPH
                            292 	.globl _COCON
                            293 	.globl _CMCON
                            294 	.globl _CD_STATC
                            295 	.globl _CD_CORDZL
                            296 	.globl _CD_CORDZH
                            297 	.globl _CD_CORDYL
                            298 	.globl _CD_CORDYH
                            299 	.globl _CD_CORDXL
                            300 	.globl _CD_CORDXH
                            301 	.globl _CD_CON
                            302 	.globl _CCU6_TRPCTRL
                            303 	.globl _CCU6_TRPCTRH
                            304 	.globl _CCU6_TCTR4L
                            305 	.globl _CCU6_TCTR4H
                            306 	.globl _CCU6_TCTR2L
                            307 	.globl _CCU6_TCTR2H
                            308 	.globl _CCU6_TCTR0L
                            309 	.globl _CCU6_TCTR0H
                            310 	.globl _CCU6_T13PRL
                            311 	.globl _CCU6_T13PRH
                            312 	.globl _CCU6_T13L
                            313 	.globl _CCU6_T13H
                            314 	.globl _CCU6_T12PRL
                            315 	.globl _CCU6_T12PRH
                            316 	.globl _CCU6_T12MSELL
                            317 	.globl _CCU6_T12MSELH
                            318 	.globl _CCU6_T12L
                            319 	.globl _CCU6_T12H
                            320 	.globl _CCU6_T12DTCL
                            321 	.globl _CCU6_T12DTCH
                            322 	.globl _CCU6_PSLR
                            323 	.globl _CCU6_PISEL2
                            324 	.globl _CCU6_PISEL0L
                            325 	.globl _CCU6_PISEL0H
                            326 	.globl _CCU6_PAGE
                            327 	.globl _CCU6_MODCTRL
                            328 	.globl _CCU6_MODCTRH
                            329 	.globl _CCU6_MCMOUTSL
                            330 	.globl _CCU6_MCMOUTSH
                            331 	.globl _CCU6_MCMOUTL
                            332 	.globl _CCU6_MCMOUTH
                            333 	.globl _CCU6_MCMCTR
                            334 	.globl _CCU6_ISSL
                            335 	.globl _CCU6_ISSH
                            336 	.globl _CCU6_ISRL
                            337 	.globl _CCU6_ISRH
                            338 	.globl _CCU6_ISL
                            339 	.globl _CCU6_ISH
                            340 	.globl _CCU6_INPL
                            341 	.globl _CCU6_INPH
                            342 	.globl _CCU6_IENL
                            343 	.globl _CCU6_IENH
                            344 	.globl _CCU6_CMPSTATL
                            345 	.globl _CCU6_CMPSTATH
                            346 	.globl _CCU6_CMPMODIFL
                            347 	.globl _CCU6_CMPMODIFH
                            348 	.globl _CCU6_CC63SRL
                            349 	.globl _CCU6_CC63SRH
                            350 	.globl _CCU6_CC63RL
                            351 	.globl _CCU6_CC63RH
                            352 	.globl _CCU6_CC62SRL
                            353 	.globl _CCU6_CC62SRH
                            354 	.globl _CCU6_CC62RL
                            355 	.globl _CCU6_CC62RH
                            356 	.globl _CCU6_CC61SRL
                            357 	.globl _CCU6_CC61SRH
                            358 	.globl _CCU6_CC61RL
                            359 	.globl _CCU6_CC61RH
                            360 	.globl _CCU6_CC60SRL
                            361 	.globl _CCU6_CC60SRH
                            362 	.globl _CCU6_CC60RL
                            363 	.globl _CCU6_CC60RH
                            364 	.globl _CAN_DATA3
                            365 	.globl _CAN_DATA2
                            366 	.globl _CAN_DATA1
                            367 	.globl _CAN_DATA0
                            368 	.globl _CAN_ADL
                            369 	.globl _CAN_ADH
                            370 	.globl _CAN_ADCON
                            371 	.globl _BG
                            372 	.globl _BCON
                            373 	.globl _B
                            374 	.globl _ADC_VFCR
                            375 	.globl _ADC_RESRA3L
                            376 	.globl _ADC_RESRA3H
                            377 	.globl _ADC_RESRA2L
                            378 	.globl _ADC_RESRA2H
                            379 	.globl _ADC_RESRA1L
                            380 	.globl _ADC_RESRA1H
                            381 	.globl _ADC_RESRA0L
                            382 	.globl _ADC_RESRA0H
                            383 	.globl _ADC_RESR3L
                            384 	.globl _ADC_RESR3H
                            385 	.globl _ADC_RESR2L
                            386 	.globl _ADC_RESR2H
                            387 	.globl _ADC_RESR1L
                            388 	.globl _ADC_RESR1H
                            389 	.globl _ADC_RESR0L
                            390 	.globl _ADC_RESR0H
                            391 	.globl _ADC_RCR3
                            392 	.globl _ADC_RCR2
                            393 	.globl _ADC_RCR1
                            394 	.globl _ADC_RCR0
                            395 	.globl _ADC_QSR0
                            396 	.globl _ADC_QMR0
                            397 	.globl _ADC_QINR0
                            398 	.globl _ADC_QBUR0
                            399 	.globl _ADC_Q0R0
                            400 	.globl _ADC_PRAR
                            401 	.globl _ADC_PAGE
                            402 	.globl _ADC_LCBR
                            403 	.globl _ADC_INPCR0
                            404 	.globl _ADC_GLOBSTR
                            405 	.globl _ADC_GLOBCTR
                            406 	.globl _ADC_EVINSR
                            407 	.globl _ADC_EVINPR
                            408 	.globl _ADC_EVINFR
                            409 	.globl _ADC_EVINCR
                            410 	.globl _ADC_ETRCR
                            411 	.globl _ADC_CRPR1
                            412 	.globl _ADC_CRMR1
                            413 	.globl _ADC_CRCR1
                            414 	.globl _ADC_CHINSR
                            415 	.globl _ADC_CHINPR
                            416 	.globl _ADC_CHINFR
                            417 	.globl _ADC_CHINCR
                            418 	.globl _ADC_CHCTR7
                            419 	.globl _ADC_CHCTR6
                            420 	.globl _ADC_CHCTR5
                            421 	.globl _ADC_CHCTR4
                            422 	.globl _ADC_CHCTR3
                            423 	.globl _ADC_CHCTR2
                            424 	.globl _ADC_CHCTR1
                            425 	.globl _ADC_CHCTR0
                            426 	.globl _ACC
                            427 	.globl _T2_vInit
                            428 ;--------------------------------------------------------
                            429 ; special function registers
                            430 ;--------------------------------------------------------
                            431 	.area RSEG    (DATA)
                    00E0    432 G$ACC$0$0 == 0x00e0
                    00E0    433 _ACC	=	0x00e0
                    00CA    434 G$ADC_CHCTR0$0$0 == 0x00ca
                    00CA    435 _ADC_CHCTR0	=	0x00ca
                    00CB    436 G$ADC_CHCTR1$0$0 == 0x00cb
                    00CB    437 _ADC_CHCTR1	=	0x00cb
                    00CC    438 G$ADC_CHCTR2$0$0 == 0x00cc
                    00CC    439 _ADC_CHCTR2	=	0x00cc
                    00CD    440 G$ADC_CHCTR3$0$0 == 0x00cd
                    00CD    441 _ADC_CHCTR3	=	0x00cd
                    00CE    442 G$ADC_CHCTR4$0$0 == 0x00ce
                    00CE    443 _ADC_CHCTR4	=	0x00ce
                    00CF    444 G$ADC_CHCTR5$0$0 == 0x00cf
                    00CF    445 _ADC_CHCTR5	=	0x00cf
                    00D2    446 G$ADC_CHCTR6$0$0 == 0x00d2
                    00D2    447 _ADC_CHCTR6	=	0x00d2
                    00D3    448 G$ADC_CHCTR7$0$0 == 0x00d3
                    00D3    449 _ADC_CHCTR7	=	0x00d3
                    00CB    450 G$ADC_CHINCR$0$0 == 0x00cb
                    00CB    451 _ADC_CHINCR	=	0x00cb
                    00CA    452 G$ADC_CHINFR$0$0 == 0x00ca
                    00CA    453 _ADC_CHINFR	=	0x00ca
                    00CD    454 G$ADC_CHINPR$0$0 == 0x00cd
                    00CD    455 _ADC_CHINPR	=	0x00cd
                    00CC    456 G$ADC_CHINSR$0$0 == 0x00cc
                    00CC    457 _ADC_CHINSR	=	0x00cc
                    00CA    458 G$ADC_CRCR1$0$0 == 0x00ca
                    00CA    459 _ADC_CRCR1	=	0x00ca
                    00CC    460 G$ADC_CRMR1$0$0 == 0x00cc
                    00CC    461 _ADC_CRMR1	=	0x00cc
                    00CB    462 G$ADC_CRPR1$0$0 == 0x00cb
                    00CB    463 _ADC_CRPR1	=	0x00cb
                    00CF    464 G$ADC_ETRCR$0$0 == 0x00cf
                    00CF    465 _ADC_ETRCR	=	0x00cf
                    00CF    466 G$ADC_EVINCR$0$0 == 0x00cf
                    00CF    467 _ADC_EVINCR	=	0x00cf
                    00CE    468 G$ADC_EVINFR$0$0 == 0x00ce
                    00CE    469 _ADC_EVINFR	=	0x00ce
                    00D3    470 G$ADC_EVINPR$0$0 == 0x00d3
                    00D3    471 _ADC_EVINPR	=	0x00d3
                    00D2    472 G$ADC_EVINSR$0$0 == 0x00d2
                    00D2    473 _ADC_EVINSR	=	0x00d2
                    00CA    474 G$ADC_GLOBCTR$0$0 == 0x00ca
                    00CA    475 _ADC_GLOBCTR	=	0x00ca
                    00CB    476 G$ADC_GLOBSTR$0$0 == 0x00cb
                    00CB    477 _ADC_GLOBSTR	=	0x00cb
                    00CE    478 G$ADC_INPCR0$0$0 == 0x00ce
                    00CE    479 _ADC_INPCR0	=	0x00ce
                    00CD    480 G$ADC_LCBR$0$0 == 0x00cd
                    00CD    481 _ADC_LCBR	=	0x00cd
                    00D1    482 G$ADC_PAGE$0$0 == 0x00d1
                    00D1    483 _ADC_PAGE	=	0x00d1
                    00CC    484 G$ADC_PRAR$0$0 == 0x00cc
                    00CC    485 _ADC_PRAR	=	0x00cc
                    00CF    486 G$ADC_Q0R0$0$0 == 0x00cf
                    00CF    487 _ADC_Q0R0	=	0x00cf
                    00D2    488 G$ADC_QBUR0$0$0 == 0x00d2
                    00D2    489 _ADC_QBUR0	=	0x00d2
                    00D2    490 G$ADC_QINR0$0$0 == 0x00d2
                    00D2    491 _ADC_QINR0	=	0x00d2
                    00CD    492 G$ADC_QMR0$0$0 == 0x00cd
                    00CD    493 _ADC_QMR0	=	0x00cd
                    00CE    494 G$ADC_QSR0$0$0 == 0x00ce
                    00CE    495 _ADC_QSR0	=	0x00ce
                    00CA    496 G$ADC_RCR0$0$0 == 0x00ca
                    00CA    497 _ADC_RCR0	=	0x00ca
                    00CB    498 G$ADC_RCR1$0$0 == 0x00cb
                    00CB    499 _ADC_RCR1	=	0x00cb
                    00CC    500 G$ADC_RCR2$0$0 == 0x00cc
                    00CC    501 _ADC_RCR2	=	0x00cc
                    00CD    502 G$ADC_RCR3$0$0 == 0x00cd
                    00CD    503 _ADC_RCR3	=	0x00cd
                    00CB    504 G$ADC_RESR0H$0$0 == 0x00cb
                    00CB    505 _ADC_RESR0H	=	0x00cb
                    00CA    506 G$ADC_RESR0L$0$0 == 0x00ca
                    00CA    507 _ADC_RESR0L	=	0x00ca
                    00CD    508 G$ADC_RESR1H$0$0 == 0x00cd
                    00CD    509 _ADC_RESR1H	=	0x00cd
                    00CC    510 G$ADC_RESR1L$0$0 == 0x00cc
                    00CC    511 _ADC_RESR1L	=	0x00cc
                    00CF    512 G$ADC_RESR2H$0$0 == 0x00cf
                    00CF    513 _ADC_RESR2H	=	0x00cf
                    00CE    514 G$ADC_RESR2L$0$0 == 0x00ce
                    00CE    515 _ADC_RESR2L	=	0x00ce
                    00D3    516 G$ADC_RESR3H$0$0 == 0x00d3
                    00D3    517 _ADC_RESR3H	=	0x00d3
                    00D2    518 G$ADC_RESR3L$0$0 == 0x00d2
                    00D2    519 _ADC_RESR3L	=	0x00d2
                    00CB    520 G$ADC_RESRA0H$0$0 == 0x00cb
                    00CB    521 _ADC_RESRA0H	=	0x00cb
                    00CA    522 G$ADC_RESRA0L$0$0 == 0x00ca
                    00CA    523 _ADC_RESRA0L	=	0x00ca
                    00CD    524 G$ADC_RESRA1H$0$0 == 0x00cd
                    00CD    525 _ADC_RESRA1H	=	0x00cd
                    00CC    526 G$ADC_RESRA1L$0$0 == 0x00cc
                    00CC    527 _ADC_RESRA1L	=	0x00cc
                    00CF    528 G$ADC_RESRA2H$0$0 == 0x00cf
                    00CF    529 _ADC_RESRA2H	=	0x00cf
                    00CE    530 G$ADC_RESRA2L$0$0 == 0x00ce
                    00CE    531 _ADC_RESRA2L	=	0x00ce
                    00D3    532 G$ADC_RESRA3H$0$0 == 0x00d3
                    00D3    533 _ADC_RESRA3H	=	0x00d3
                    00D2    534 G$ADC_RESRA3L$0$0 == 0x00d2
                    00D2    535 _ADC_RESRA3L	=	0x00d2
                    00CE    536 G$ADC_VFCR$0$0 == 0x00ce
                    00CE    537 _ADC_VFCR	=	0x00ce
                    00F0    538 G$B$0$0 == 0x00f0
                    00F0    539 _B	=	0x00f0
                    00BD    540 G$BCON$0$0 == 0x00bd
                    00BD    541 _BCON	=	0x00bd
                    00BE    542 G$BG$0$0 == 0x00be
                    00BE    543 _BG	=	0x00be
                    00D8    544 G$CAN_ADCON$0$0 == 0x00d8
                    00D8    545 _CAN_ADCON	=	0x00d8
                    00DA    546 G$CAN_ADH$0$0 == 0x00da
                    00DA    547 _CAN_ADH	=	0x00da
                    00D9    548 G$CAN_ADL$0$0 == 0x00d9
                    00D9    549 _CAN_ADL	=	0x00d9
                    00DB    550 G$CAN_DATA0$0$0 == 0x00db
                    00DB    551 _CAN_DATA0	=	0x00db
                    00DC    552 G$CAN_DATA1$0$0 == 0x00dc
                    00DC    553 _CAN_DATA1	=	0x00dc
                    00DD    554 G$CAN_DATA2$0$0 == 0x00dd
                    00DD    555 _CAN_DATA2	=	0x00dd
                    00DE    556 G$CAN_DATA3$0$0 == 0x00de
                    00DE    557 _CAN_DATA3	=	0x00de
                    00FB    558 G$CCU6_CC60RH$0$0 == 0x00fb
                    00FB    559 _CCU6_CC60RH	=	0x00fb
                    00FA    560 G$CCU6_CC60RL$0$0 == 0x00fa
                    00FA    561 _CCU6_CC60RL	=	0x00fa
                    00FB    562 G$CCU6_CC60SRH$0$0 == 0x00fb
                    00FB    563 _CCU6_CC60SRH	=	0x00fb
                    00FA    564 G$CCU6_CC60SRL$0$0 == 0x00fa
                    00FA    565 _CCU6_CC60SRL	=	0x00fa
                    00FD    566 G$CCU6_CC61RH$0$0 == 0x00fd
                    00FD    567 _CCU6_CC61RH	=	0x00fd
                    00FC    568 G$CCU6_CC61RL$0$0 == 0x00fc
                    00FC    569 _CCU6_CC61RL	=	0x00fc
                    00FD    570 G$CCU6_CC61SRH$0$0 == 0x00fd
                    00FD    571 _CCU6_CC61SRH	=	0x00fd
                    00FC    572 G$CCU6_CC61SRL$0$0 == 0x00fc
                    00FC    573 _CCU6_CC61SRL	=	0x00fc
                    00FF    574 G$CCU6_CC62RH$0$0 == 0x00ff
                    00FF    575 _CCU6_CC62RH	=	0x00ff
                    00FE    576 G$CCU6_CC62RL$0$0 == 0x00fe
                    00FE    577 _CCU6_CC62RL	=	0x00fe
                    00FF    578 G$CCU6_CC62SRH$0$0 == 0x00ff
                    00FF    579 _CCU6_CC62SRH	=	0x00ff
                    00FE    580 G$CCU6_CC62SRL$0$0 == 0x00fe
                    00FE    581 _CCU6_CC62SRL	=	0x00fe
                    009B    582 G$CCU6_CC63RH$0$0 == 0x009b
                    009B    583 _CCU6_CC63RH	=	0x009b
                    009A    584 G$CCU6_CC63RL$0$0 == 0x009a
                    009A    585 _CCU6_CC63RL	=	0x009a
                    009B    586 G$CCU6_CC63SRH$0$0 == 0x009b
                    009B    587 _CCU6_CC63SRH	=	0x009b
                    009A    588 G$CCU6_CC63SRL$0$0 == 0x009a
                    009A    589 _CCU6_CC63SRL	=	0x009a
                    00A7    590 G$CCU6_CMPMODIFH$0$0 == 0x00a7
                    00A7    591 _CCU6_CMPMODIFH	=	0x00a7
                    00A6    592 G$CCU6_CMPMODIFL$0$0 == 0x00a6
                    00A6    593 _CCU6_CMPMODIFL	=	0x00a6
                    00FF    594 G$CCU6_CMPSTATH$0$0 == 0x00ff
                    00FF    595 _CCU6_CMPSTATH	=	0x00ff
                    00FE    596 G$CCU6_CMPSTATL$0$0 == 0x00fe
                    00FE    597 _CCU6_CMPSTATL	=	0x00fe
                    009D    598 G$CCU6_IENH$0$0 == 0x009d
                    009D    599 _CCU6_IENH	=	0x009d
                    009C    600 G$CCU6_IENL$0$0 == 0x009c
                    009C    601 _CCU6_IENL	=	0x009c
                    009F    602 G$CCU6_INPH$0$0 == 0x009f
                    009F    603 _CCU6_INPH	=	0x009f
                    009E    604 G$CCU6_INPL$0$0 == 0x009e
                    009E    605 _CCU6_INPL	=	0x009e
                    009D    606 G$CCU6_ISH$0$0 == 0x009d
                    009D    607 _CCU6_ISH	=	0x009d
                    009C    608 G$CCU6_ISL$0$0 == 0x009c
                    009C    609 _CCU6_ISL	=	0x009c
                    00A5    610 G$CCU6_ISRH$0$0 == 0x00a5
                    00A5    611 _CCU6_ISRH	=	0x00a5
                    00A4    612 G$CCU6_ISRL$0$0 == 0x00a4
                    00A4    613 _CCU6_ISRL	=	0x00a4
                    00A5    614 G$CCU6_ISSH$0$0 == 0x00a5
                    00A5    615 _CCU6_ISSH	=	0x00a5
                    00A4    616 G$CCU6_ISSL$0$0 == 0x00a4
                    00A4    617 _CCU6_ISSL	=	0x00a4
                    00A7    618 G$CCU6_MCMCTR$0$0 == 0x00a7
                    00A7    619 _CCU6_MCMCTR	=	0x00a7
                    009B    620 G$CCU6_MCMOUTH$0$0 == 0x009b
                    009B    621 _CCU6_MCMOUTH	=	0x009b
                    009A    622 G$CCU6_MCMOUTL$0$0 == 0x009a
                    009A    623 _CCU6_MCMOUTL	=	0x009a
                    009F    624 G$CCU6_MCMOUTSH$0$0 == 0x009f
                    009F    625 _CCU6_MCMOUTSH	=	0x009f
                    009E    626 G$CCU6_MCMOUTSL$0$0 == 0x009e
                    009E    627 _CCU6_MCMOUTSL	=	0x009e
                    00FD    628 G$CCU6_MODCTRH$0$0 == 0x00fd
                    00FD    629 _CCU6_MODCTRH	=	0x00fd
                    00FC    630 G$CCU6_MODCTRL$0$0 == 0x00fc
                    00FC    631 _CCU6_MODCTRL	=	0x00fc
                    00A3    632 G$CCU6_PAGE$0$0 == 0x00a3
                    00A3    633 _CCU6_PAGE	=	0x00a3
                    009F    634 G$CCU6_PISEL0H$0$0 == 0x009f
                    009F    635 _CCU6_PISEL0H	=	0x009f
                    009E    636 G$CCU6_PISEL0L$0$0 == 0x009e
                    009E    637 _CCU6_PISEL0L	=	0x009e
                    00A4    638 G$CCU6_PISEL2$0$0 == 0x00a4
                    00A4    639 _CCU6_PISEL2	=	0x00a4
                    00A6    640 G$CCU6_PSLR$0$0 == 0x00a6
                    00A6    641 _CCU6_PSLR	=	0x00a6
                    00A5    642 G$CCU6_T12DTCH$0$0 == 0x00a5
                    00A5    643 _CCU6_T12DTCH	=	0x00a5
                    00A4    644 G$CCU6_T12DTCL$0$0 == 0x00a4
                    00A4    645 _CCU6_T12DTCL	=	0x00a4
                    00FB    646 G$CCU6_T12H$0$0 == 0x00fb
                    00FB    647 _CCU6_T12H	=	0x00fb
                    00FA    648 G$CCU6_T12L$0$0 == 0x00fa
                    00FA    649 _CCU6_T12L	=	0x00fa
                    009B    650 G$CCU6_T12MSELH$0$0 == 0x009b
                    009B    651 _CCU6_T12MSELH	=	0x009b
                    009A    652 G$CCU6_T12MSELL$0$0 == 0x009a
                    009A    653 _CCU6_T12MSELL	=	0x009a
                    009D    654 G$CCU6_T12PRH$0$0 == 0x009d
                    009D    655 _CCU6_T12PRH	=	0x009d
                    009C    656 G$CCU6_T12PRL$0$0 == 0x009c
                    009C    657 _CCU6_T12PRL	=	0x009c
                    00FD    658 G$CCU6_T13H$0$0 == 0x00fd
                    00FD    659 _CCU6_T13H	=	0x00fd
                    00FC    660 G$CCU6_T13L$0$0 == 0x00fc
                    00FC    661 _CCU6_T13L	=	0x00fc
                    009F    662 G$CCU6_T13PRH$0$0 == 0x009f
                    009F    663 _CCU6_T13PRH	=	0x009f
                    009E    664 G$CCU6_T13PRL$0$0 == 0x009e
                    009E    665 _CCU6_T13PRL	=	0x009e
                    00A7    666 G$CCU6_TCTR0H$0$0 == 0x00a7
                    00A7    667 _CCU6_TCTR0H	=	0x00a7
                    00A6    668 G$CCU6_TCTR0L$0$0 == 0x00a6
                    00A6    669 _CCU6_TCTR0L	=	0x00a6
                    00FB    670 G$CCU6_TCTR2H$0$0 == 0x00fb
                    00FB    671 _CCU6_TCTR2H	=	0x00fb
                    00FA    672 G$CCU6_TCTR2L$0$0 == 0x00fa
                    00FA    673 _CCU6_TCTR2L	=	0x00fa
                    009D    674 G$CCU6_TCTR4H$0$0 == 0x009d
                    009D    675 _CCU6_TCTR4H	=	0x009d
                    009C    676 G$CCU6_TCTR4L$0$0 == 0x009c
                    009C    677 _CCU6_TCTR4L	=	0x009c
                    00FF    678 G$CCU6_TRPCTRH$0$0 == 0x00ff
                    00FF    679 _CCU6_TRPCTRH	=	0x00ff
                    00FE    680 G$CCU6_TRPCTRL$0$0 == 0x00fe
                    00FE    681 _CCU6_TRPCTRL	=	0x00fe
                    00A1    682 G$CD_CON$0$0 == 0x00a1
                    00A1    683 _CD_CON	=	0x00a1
                    009B    684 G$CD_CORDXH$0$0 == 0x009b
                    009B    685 _CD_CORDXH	=	0x009b
                    009A    686 G$CD_CORDXL$0$0 == 0x009a
                    009A    687 _CD_CORDXL	=	0x009a
                    009D    688 G$CD_CORDYH$0$0 == 0x009d
                    009D    689 _CD_CORDYH	=	0x009d
                    009C    690 G$CD_CORDYL$0$0 == 0x009c
                    009C    691 _CD_CORDYL	=	0x009c
                    009F    692 G$CD_CORDZH$0$0 == 0x009f
                    009F    693 _CD_CORDZH	=	0x009f
                    009E    694 G$CD_CORDZL$0$0 == 0x009e
                    009E    695 _CD_CORDZL	=	0x009e
                    00A0    696 G$CD_STATC$0$0 == 0x00a0
                    00A0    697 _CD_STATC	=	0x00a0
                    00BA    698 G$CMCON$0$0 == 0x00ba
                    00BA    699 _CMCON	=	0x00ba
                    00BE    700 G$COCON$0$0 == 0x00be
                    00BE    701 _COCON	=	0x00be
                    0083    702 G$DPH$0$0 == 0x0083
                    0083    703 _DPH	=	0x0083
                    0082    704 G$DPL$0$0 == 0x0082
                    0082    705 _DPL	=	0x0082
                    00A2    706 G$EO$0$0 == 0x00a2
                    00A2    707 _EO	=	0x00a2
                    00B7    708 G$EXICON0$0$0 == 0x00b7
                    00B7    709 _EXICON0	=	0x00b7
                    00BA    710 G$EXICON1$0$0 == 0x00ba
                    00BA    711 _EXICON1	=	0x00ba
                    00E9    712 G$FDCON$0$0 == 0x00e9
                    00E9    713 _FDCON	=	0x00e9
                    00EB    714 G$FDRES$0$0 == 0x00eb
                    00EB    715 _FDRES	=	0x00eb
                    00EA    716 G$FDSTEP$0$0 == 0x00ea
                    00EA    717 _FDSTEP	=	0x00ea
                    00BD    718 G$FEAH$0$0 == 0x00bd
                    00BD    719 _FEAH	=	0x00bd
                    00BC    720 G$FEAL$0$0 == 0x00bc
                    00BC    721 _FEAL	=	0x00bc
                    00F7    722 G$HWBPDR$0$0 == 0x00f7
                    00F7    723 _HWBPDR	=	0x00f7
                    00F6    724 G$HWBPSR$0$0 == 0x00f6
                    00F6    725 _HWBPSR	=	0x00f6
                    00B3    726 G$ID$0$0 == 0x00b3
                    00B3    727 _ID	=	0x00b3
                    00A8    728 G$IEN0$0$0 == 0x00a8
                    00A8    729 _IEN0	=	0x00a8
                    00E8    730 G$IEN1$0$0 == 0x00e8
                    00E8    731 _IEN1	=	0x00e8
                    00B8    732 G$IP$0$0 == 0x00b8
                    00B8    733 _IP	=	0x00b8
                    00F8    734 G$IP1$0$0 == 0x00f8
                    00F8    735 _IP1	=	0x00f8
                    00B9    736 G$IPH$0$0 == 0x00b9
                    00B9    737 _IPH	=	0x00b9
                    00F9    738 G$IPH1$0$0 == 0x00f9
                    00F9    739 _IPH1	=	0x00f9
                    00B4    740 G$IRCON0$0$0 == 0x00b4
                    00B4    741 _IRCON0	=	0x00b4
                    00B5    742 G$IRCON1$0$0 == 0x00b5
                    00B5    743 _IRCON1	=	0x00b5
                    00B6    744 G$IRCON2$0$0 == 0x00b6
                    00B6    745 _IRCON2	=	0x00b6
                    00B4    746 G$IRCON3$0$0 == 0x00b4
                    00B4    747 _IRCON3	=	0x00b4
                    00B5    748 G$IRCON4$0$0 == 0x00b5
                    00B5    749 _IRCON4	=	0x00b5
                    00B2    750 G$MDU_MD0$0$0 == 0x00b2
                    00B2    751 _MDU_MD0	=	0x00b2
                    00B3    752 G$MDU_MD1$0$0 == 0x00b3
                    00B3    753 _MDU_MD1	=	0x00b3
                    00B4    754 G$MDU_MD2$0$0 == 0x00b4
                    00B4    755 _MDU_MD2	=	0x00b4
                    00B5    756 G$MDU_MD3$0$0 == 0x00b5
                    00B5    757 _MDU_MD3	=	0x00b5
                    00B6    758 G$MDU_MD4$0$0 == 0x00b6
                    00B6    759 _MDU_MD4	=	0x00b6
                    00B7    760 G$MDU_MD5$0$0 == 0x00b7
                    00B7    761 _MDU_MD5	=	0x00b7
                    00B1    762 G$MDU_MDUCON$0$0 == 0x00b1
                    00B1    763 _MDU_MDUCON	=	0x00b1
                    00B0    764 G$MDU_MDUSTAT$0$0 == 0x00b0
                    00B0    765 _MDU_MDUSTAT	=	0x00b0
                    00B2    766 G$MDU_MR0$0$0 == 0x00b2
                    00B2    767 _MDU_MR0	=	0x00b2
                    00B3    768 G$MDU_MR1$0$0 == 0x00b3
                    00B3    769 _MDU_MR1	=	0x00b3
                    00B4    770 G$MDU_MR2$0$0 == 0x00b4
                    00B4    771 _MDU_MR2	=	0x00b4
                    00B5    772 G$MDU_MR3$0$0 == 0x00b5
                    00B5    773 _MDU_MR3	=	0x00b5
                    00B6    774 G$MDU_MR4$0$0 == 0x00b6
                    00B6    775 _MDU_MR4	=	0x00b6
                    00B7    776 G$MDU_MR5$0$0 == 0x00b7
                    00B7    777 _MDU_MR5	=	0x00b7
                    00E9    778 G$MISC_CON$0$0 == 0x00e9
                    00E9    779 _MISC_CON	=	0x00e9
                    00F3    780 G$MMBPCR$0$0 == 0x00f3
                    00F3    781 _MMBPCR	=	0x00f3
                    00F1    782 G$MMCR$0$0 == 0x00f1
                    00F1    783 _MMCR	=	0x00f1
                    00E9    784 G$MMCR2$0$0 == 0x00e9
                    00E9    785 _MMCR2	=	0x00e9
                    00F5    786 G$MMDR$0$0 == 0x00f5
                    00F5    787 _MMDR	=	0x00f5
                    00F4    788 G$MMICR$0$0 == 0x00f4
                    00F4    789 _MMICR	=	0x00f4
                    00F2    790 G$MMSR$0$0 == 0x00f2
                    00F2    791 _MMSR	=	0x00f2
                    00EB    792 G$MMWR1$0$0 == 0x00eb
                    00EB    793 _MMWR1	=	0x00eb
                    00EC    794 G$MMWR2$0$0 == 0x00ec
                    00EC    795 _MMWR2	=	0x00ec
                    00B3    796 G$MODPISEL$0$0 == 0x00b3
                    00B3    797 _MODPISEL	=	0x00b3
                    00B7    798 G$MODPISEL1$0$0 == 0x00b7
                    00B7    799 _MODPISEL1	=	0x00b7
                    00BA    800 G$MODPISEL2$0$0 == 0x00ba
                    00BA    801 _MODPISEL2	=	0x00ba
                    00BD    802 G$MODSUSP$0$0 == 0x00bd
                    00BD    803 _MODSUSP	=	0x00bd
                    00BB    804 G$NMICON$0$0 == 0x00bb
                    00BB    805 _NMICON	=	0x00bb
                    00BC    806 G$NMISR$0$0 == 0x00bc
                    00BC    807 _NMISR	=	0x00bc
                    00B6    808 G$OSC_CON$0$0 == 0x00b6
                    00B6    809 _OSC_CON	=	0x00b6
                    0080    810 G$P0_ALTSEL0$0$0 == 0x0080
                    0080    811 _P0_ALTSEL0	=	0x0080
                    0086    812 G$P0_ALTSEL1$0$0 == 0x0086
                    0086    813 _P0_ALTSEL1	=	0x0086
                    0080    814 G$P0_DATA$0$0 == 0x0080
                    0080    815 _P0_DATA	=	0x0080
                    0086    816 G$P0_DIR$0$0 == 0x0086
                    0086    817 _P0_DIR	=	0x0086
                    0080    818 G$P0_OD$0$0 == 0x0080
                    0080    819 _P0_OD	=	0x0080
                    0086    820 G$P0_PUDEN$0$0 == 0x0086
                    0086    821 _P0_PUDEN	=	0x0086
                    0080    822 G$P0_PUDSEL$0$0 == 0x0080
                    0080    823 _P0_PUDSEL	=	0x0080
                    0090    824 G$P1_ALTSEL0$0$0 == 0x0090
                    0090    825 _P1_ALTSEL0	=	0x0090
                    0091    826 G$P1_ALTSEL1$0$0 == 0x0091
                    0091    827 _P1_ALTSEL1	=	0x0091
                    0090    828 G$P1_DATA$0$0 == 0x0090
                    0090    829 _P1_DATA	=	0x0090
                    0091    830 G$P1_DIR$0$0 == 0x0091
                    0091    831 _P1_DIR	=	0x0091
                    0090    832 G$P1_OD$0$0 == 0x0090
                    0090    833 _P1_OD	=	0x0090
                    0091    834 G$P1_PUDEN$0$0 == 0x0091
                    0091    835 _P1_PUDEN	=	0x0091
                    0090    836 G$P1_PUDSEL$0$0 == 0x0090
                    0090    837 _P1_PUDSEL	=	0x0090
                    00A0    838 G$P2_DATA$0$0 == 0x00a0
                    00A0    839 _P2_DATA	=	0x00a0
                    00A1    840 G$P2_DIR$0$0 == 0x00a1
                    00A1    841 _P2_DIR	=	0x00a1
                    00A1    842 G$P2_PUDEN$0$0 == 0x00a1
                    00A1    843 _P2_PUDEN	=	0x00a1
                    00A0    844 G$P2_PUDSEL$0$0 == 0x00a0
                    00A0    845 _P2_PUDSEL	=	0x00a0
                    00B0    846 G$P3_ALTSEL0$0$0 == 0x00b0
                    00B0    847 _P3_ALTSEL0	=	0x00b0
                    00B1    848 G$P3_ALTSEL1$0$0 == 0x00b1
                    00B1    849 _P3_ALTSEL1	=	0x00b1
                    00B0    850 G$P3_DATA$0$0 == 0x00b0
                    00B0    851 _P3_DATA	=	0x00b0
                    00B1    852 G$P3_DIR$0$0 == 0x00b1
                    00B1    853 _P3_DIR	=	0x00b1
                    00B0    854 G$P3_OD$0$0 == 0x00b0
                    00B0    855 _P3_OD	=	0x00b0
                    00B1    856 G$P3_PUDEN$0$0 == 0x00b1
                    00B1    857 _P3_PUDEN	=	0x00b1
                    00B0    858 G$P3_PUDSEL$0$0 == 0x00b0
                    00B0    859 _P3_PUDSEL	=	0x00b0
                    00C8    860 G$P4_ALTSEL0$0$0 == 0x00c8
                    00C8    861 _P4_ALTSEL0	=	0x00c8
                    00C9    862 G$P4_ALTSEL1$0$0 == 0x00c9
                    00C9    863 _P4_ALTSEL1	=	0x00c9
                    00C8    864 G$P4_DATA$0$0 == 0x00c8
                    00C8    865 _P4_DATA	=	0x00c8
                    00C9    866 G$P4_DIR$0$0 == 0x00c9
                    00C9    867 _P4_DIR	=	0x00c9
                    00C8    868 G$P4_OD$0$0 == 0x00c8
                    00C8    869 _P4_OD	=	0x00c8
                    00C9    870 G$P4_PUDEN$0$0 == 0x00c9
                    00C9    871 _P4_PUDEN	=	0x00c9
                    00C8    872 G$P4_PUDSEL$0$0 == 0x00c8
                    00C8    873 _P4_PUDSEL	=	0x00c8
                    0092    874 G$P5_ALTSEL0$0$0 == 0x0092
                    0092    875 _P5_ALTSEL0	=	0x0092
                    0093    876 G$P5_ALTSEL1$0$0 == 0x0093
                    0093    877 _P5_ALTSEL1	=	0x0093
                    0092    878 G$P5_DATA$0$0 == 0x0092
                    0092    879 _P5_DATA	=	0x0092
                    0093    880 G$P5_DIR$0$0 == 0x0093
                    0093    881 _P5_DIR	=	0x0093
                    0092    882 G$P5_OD$0$0 == 0x0092
                    0092    883 _P5_OD	=	0x0092
                    0093    884 G$P5_PUDEN$0$0 == 0x0093
                    0093    885 _P5_PUDEN	=	0x0093
                    0092    886 G$P5_PUDSEL$0$0 == 0x0092
                    0092    887 _P5_PUDSEL	=	0x0092
                    00BB    888 G$PASSWD$0$0 == 0x00bb
                    00BB    889 _PASSWD	=	0x00bb
                    0087    890 G$PCON$0$0 == 0x0087
                    0087    891 _PCON	=	0x0087
                    00B7    892 G$PLL_CON$0$0 == 0x00b7
                    00B7    893 _PLL_CON	=	0x00b7
                    00B4    894 G$PMCON0$0$0 == 0x00b4
                    00B4    895 _PMCON0	=	0x00b4
                    00B5    896 G$PMCON1$0$0 == 0x00b5
                    00B5    897 _PMCON1	=	0x00b5
                    00BB    898 G$PMCON2$0$0 == 0x00bb
                    00BB    899 _PMCON2	=	0x00bb
                    00B2    900 G$PORT_PAGE$0$0 == 0x00b2
                    00B2    901 _PORT_PAGE	=	0x00b2
                    00D0    902 G$PSW$0$0 == 0x00d0
                    00D0    903 _PSW	=	0x00d0
                    0099    904 G$SBUF$0$0 == 0x0099
                    0099    905 _SBUF	=	0x0099
                    0098    906 G$SCON$0$0 == 0x0098
                    0098    907 _SCON	=	0x0098
                    00BF    908 G$SCU_PAGE$0$0 == 0x00bf
                    00BF    909 _SCU_PAGE	=	0x00bf
                    0081    910 G$SP$0$0 == 0x0081
                    0081    911 _SP	=	0x0081
                    00AF    912 G$SSC_BRH$0$0 == 0x00af
                    00AF    913 _SSC_BRH	=	0x00af
                    00AE    914 G$SSC_BRL$0$0 == 0x00ae
                    00AE    915 _SSC_BRL	=	0x00ae
                    00AB    916 G$SSC_CONH_O$0$0 == 0x00ab
                    00AB    917 _SSC_CONH_O	=	0x00ab
                    00AB    918 G$SSC_CONH_P$0$0 == 0x00ab
                    00AB    919 _SSC_CONH_P	=	0x00ab
                    00AA    920 G$SSC_CONL_O$0$0 == 0x00aa
                    00AA    921 _SSC_CONL_O	=	0x00aa
                    00AA    922 G$SSC_CONL_P$0$0 == 0x00aa
                    00AA    923 _SSC_CONL_P	=	0x00aa
                    00A9    924 G$SSC_PISEL$0$0 == 0x00a9
                    00A9    925 _SSC_PISEL	=	0x00a9
                    00AD    926 G$SSC_RBL$0$0 == 0x00ad
                    00AD    927 _SSC_RBL	=	0x00ad
                    00AC    928 G$SSC_TBL$0$0 == 0x00ac
                    00AC    929 _SSC_TBL	=	0x00ac
                    008F    930 G$SYSCON0$0$0 == 0x008f
                    008F    931 _SYSCON0	=	0x008f
                    00C3    932 G$T21_RC2H$0$0 == 0x00c3
                    00C3    933 _T21_RC2H	=	0x00c3
                    00C2    934 G$T21_RC2L$0$0 == 0x00c2
                    00C2    935 _T21_RC2L	=	0x00c2
                    00C0    936 G$T21_T2CON$0$0 == 0x00c0
                    00C0    937 _T21_T2CON	=	0x00c0
                    00C5    938 G$T21_T2H$0$0 == 0x00c5
                    00C5    939 _T21_T2H	=	0x00c5
                    00C4    940 G$T21_T2L$0$0 == 0x00c4
                    00C4    941 _T21_T2L	=	0x00c4
                    00C1    942 G$T21_T2MOD$0$0 == 0x00c1
                    00C1    943 _T21_T2MOD	=	0x00c1
                    00C3    944 G$T2_RC2H$0$0 == 0x00c3
                    00C3    945 _T2_RC2H	=	0x00c3
                    00C2    946 G$T2_RC2L$0$0 == 0x00c2
                    00C2    947 _T2_RC2L	=	0x00c2
                    00C0    948 G$T2_T2CON$0$0 == 0x00c0
                    00C0    949 _T2_T2CON	=	0x00c0
                    00C5    950 G$T2_T2H$0$0 == 0x00c5
                    00C5    951 _T2_T2H	=	0x00c5
                    00C4    952 G$T2_T2L$0$0 == 0x00c4
                    00C4    953 _T2_T2L	=	0x00c4
                    00C1    954 G$T2_T2MOD$0$0 == 0x00c1
                    00C1    955 _T2_T2MOD	=	0x00c1
                    0088    956 G$TCON$0$0 == 0x0088
                    0088    957 _TCON	=	0x0088
                    008C    958 G$TH0$0$0 == 0x008c
                    008C    959 _TH0	=	0x008c
                    008D    960 G$TH1$0$0 == 0x008d
                    008D    961 _TH1	=	0x008d
                    008A    962 G$TL0$0$0 == 0x008a
                    008A    963 _TL0	=	0x008a
                    008B    964 G$TL1$0$0 == 0x008b
                    008B    965 _TL1	=	0x008b
                    0089    966 G$TMOD$0$0 == 0x0089
                    0089    967 _TMOD	=	0x0089
                    00CA    968 G$UART1_BCON$0$0 == 0x00ca
                    00CA    969 _UART1_BCON	=	0x00ca
                    00CB    970 G$UART1_BG$0$0 == 0x00cb
                    00CB    971 _UART1_BG	=	0x00cb
                    00CC    972 G$UART1_FDCON$0$0 == 0x00cc
                    00CC    973 _UART1_FDCON	=	0x00cc
                    00CE    974 G$UART1_FDRES$0$0 == 0x00ce
                    00CE    975 _UART1_FDRES	=	0x00ce
                    00CD    976 G$UART1_FDSTEP$0$0 == 0x00cd
                    00CD    977 _UART1_FDSTEP	=	0x00cd
                    00C9    978 G$UART1_SBUF$0$0 == 0x00c9
                    00C9    979 _UART1_SBUF	=	0x00c9
                    00C8    980 G$UART1_SCON$0$0 == 0x00c8
                    00C8    981 _UART1_SCON	=	0x00c8
                    00BB    982 G$WDTCON$0$0 == 0x00bb
                    00BB    983 _WDTCON	=	0x00bb
                    00BF    984 G$WDTH$0$0 == 0x00bf
                    00BF    985 _WDTH	=	0x00bf
                    00BE    986 G$WDTL$0$0 == 0x00be
                    00BE    987 _WDTL	=	0x00be
                    00BC    988 G$WDTREL$0$0 == 0x00bc
                    00BC    989 _WDTREL	=	0x00bc
                    00BD    990 G$WDTWINB$0$0 == 0x00bd
                    00BD    991 _WDTWINB	=	0x00bd
                    00B3    992 G$XADDRH$0$0 == 0x00b3
                    00B3    993 _XADDRH	=	0x00b3
                    CBCA    994 G$ADC_RESR0LH$0$0 == 0xcbca
                    CBCA    995 _ADC_RESR0LH	=	0xcbca
                    CDCC    996 G$ADC_RESR1LH$0$0 == 0xcdcc
                    CDCC    997 _ADC_RESR1LH	=	0xcdcc
                    CFCE    998 G$ADC_RESR2LH$0$0 == 0xcfce
                    CFCE    999 _ADC_RESR2LH	=	0xcfce
                    D3D2   1000 G$ADC_RESR3LH$0$0 == 0xd3d2
                    D3D2   1001 _ADC_RESR3LH	=	0xd3d2
                    CBCA   1002 G$ADC_RESRA0LH$0$0 == 0xcbca
                    CBCA   1003 _ADC_RESRA0LH	=	0xcbca
                    CDCC   1004 G$ADC_RESRA1LH$0$0 == 0xcdcc
                    CDCC   1005 _ADC_RESRA1LH	=	0xcdcc
                    CFCE   1006 G$ADC_RESRA2LH$0$0 == 0xcfce
                    CFCE   1007 _ADC_RESRA2LH	=	0xcfce
                    D3D2   1008 G$ADC_RESRA3LH$0$0 == 0xd3d2
                    D3D2   1009 _ADC_RESRA3LH	=	0xd3d2
                    FBFA   1010 G$CCU6_CC60RLH$0$0 == 0xfbfa
                    FBFA   1011 _CCU6_CC60RLH	=	0xfbfa
                    FBFA   1012 G$CCU6_CC60SRLH$0$0 == 0xfbfa
                    FBFA   1013 _CCU6_CC60SRLH	=	0xfbfa
                    FDFC   1014 G$CCU6_CC61RLH$0$0 == 0xfdfc
                    FDFC   1015 _CCU6_CC61RLH	=	0xfdfc
                    FDFC   1016 G$CCU6_CC61SRLH$0$0 == 0xfdfc
                    FDFC   1017 _CCU6_CC61SRLH	=	0xfdfc
                    FFFE   1018 G$CCU6_CC62RLH$0$0 == 0xfffe
                    FFFE   1019 _CCU6_CC62RLH	=	0xfffe
                    FFFE   1020 G$CCU6_CC62SRLH$0$0 == 0xfffe
                    FFFE   1021 _CCU6_CC62SRLH	=	0xfffe
                    9B9A   1022 G$CCU6_CC63RLH$0$0 == 0x9b9a
                    9B9A   1023 _CCU6_CC63RLH	=	0x9b9a
                    9B9A   1024 G$CCU6_CC63SRLH$0$0 == 0x9b9a
                    9B9A   1025 _CCU6_CC63SRLH	=	0x9b9a
                    FBFA   1026 G$CCU6_T12LH$0$0 == 0xfbfa
                    FBFA   1027 _CCU6_T12LH	=	0xfbfa
                    9D9C   1028 G$CCU6_T12PRLH$0$0 == 0x9d9c
                    9D9C   1029 _CCU6_T12PRLH	=	0x9d9c
                    FDFC   1030 G$CCU6_T13LH$0$0 == 0xfdfc
                    FDFC   1031 _CCU6_T13LH	=	0xfdfc
                    9F9E   1032 G$CCU6_T13PRLH$0$0 == 0x9f9e
                    9F9E   1033 _CCU6_T13PRLH	=	0x9f9e
                    C3C2   1034 G$T2_RC2LH$0$0 == 0xc3c2
                    C3C2   1035 _T2_RC2LH	=	0xc3c2
                    C5C4   1036 G$T2_T2LH$0$0 == 0xc5c4
                    C5C4   1037 _T2_T2LH	=	0xc5c4
                           1038 ;--------------------------------------------------------
                           1039 ; special function bits
                           1040 ;--------------------------------------------------------
                           1041 	.area RSEG    (DATA)
                    00A0   1042 G$CD_BSY$0$0 == 0x00a0
                    00A0   1043 _CD_BSY	=	0x00a0
                    00A4   1044 G$DMAP$0$0 == 0x00a4
                    00A4   1045 _DMAP	=	0x00a4
                    00A2   1046 G$EOC$0$0 == 0x00a2
                    00A2   1047 _EOC	=	0x00a2
                    00A1   1048 G$ERROR$0$0 == 0x00a1
                    00A1   1049 _ERROR	=	0x00a1
                    00A3   1050 G$INT_EN$0$0 == 0x00a3
                    00A3   1051 _INT_EN	=	0x00a3
                    00A5   1052 G$KEEPX$0$0 == 0x00a5
                    00A5   1053 _KEEPX	=	0x00a5
                    00A6   1054 G$KEEPY$0$0 == 0x00a6
                    00A6   1055 _KEEPY	=	0x00a6
                    00A7   1056 G$KEEPZ$0$0 == 0x00a7
                    00A7   1057 _KEEPZ	=	0x00a7
                    00AF   1058 G$EA$0$0 == 0x00af
                    00AF   1059 _EA	=	0x00af
                    00AC   1060 G$ES$0$0 == 0x00ac
                    00AC   1061 _ES	=	0x00ac
                    00A9   1062 G$ET0$0$0 == 0x00a9
                    00A9   1063 _ET0	=	0x00a9
                    00AB   1064 G$ET1$0$0 == 0x00ab
                    00AB   1065 _ET1	=	0x00ab
                    00AD   1066 G$ET2$0$0 == 0x00ad
                    00AD   1067 _ET2	=	0x00ad
                    00A8   1068 G$EX0$0$0 == 0x00a8
                    00A8   1069 _EX0	=	0x00a8
                    00AA   1070 G$EX1$0$0 == 0x00aa
                    00AA   1071 _EX1	=	0x00aa
                    00E8   1072 G$EADC$0$0 == 0x00e8
                    00E8   1073 _EADC	=	0x00e8
                    00EC   1074 G$ECCIP0$0$0 == 0x00ec
                    00EC   1075 _ECCIP0	=	0x00ec
                    00ED   1076 G$ECCIP1$0$0 == 0x00ed
                    00ED   1077 _ECCIP1	=	0x00ed
                    00EE   1078 G$ECCIP2$0$0 == 0x00ee
                    00EE   1079 _ECCIP2	=	0x00ee
                    00EF   1080 G$ECCIP3$0$0 == 0x00ef
                    00EF   1081 _ECCIP3	=	0x00ef
                    00E9   1082 G$ESSC$0$0 == 0x00e9
                    00E9   1083 _ESSC	=	0x00e9
                    00EA   1084 G$EX2$0$0 == 0x00ea
                    00EA   1085 _EX2	=	0x00ea
                    00EB   1086 G$EXM$0$0 == 0x00eb
                    00EB   1087 _EXM	=	0x00eb
                    00F8   1088 G$PADC$0$0 == 0x00f8
                    00F8   1089 _PADC	=	0x00f8
                    00FC   1090 G$PCCIP0$0$0 == 0x00fc
                    00FC   1091 _PCCIP0	=	0x00fc
                    00FD   1092 G$PCCIP1$0$0 == 0x00fd
                    00FD   1093 _PCCIP1	=	0x00fd
                    00FE   1094 G$PCCIP2$0$0 == 0x00fe
                    00FE   1095 _PCCIP2	=	0x00fe
                    00FF   1096 G$PCCIP3$0$0 == 0x00ff
                    00FF   1097 _PCCIP3	=	0x00ff
                    00F9   1098 G$PSSC$0$0 == 0x00f9
                    00F9   1099 _PSSC	=	0x00f9
                    00FA   1100 G$PX2$0$0 == 0x00fa
                    00FA   1101 _PX2	=	0x00fa
                    00FB   1102 G$PXM$0$0 == 0x00fb
                    00FB   1103 _PXM	=	0x00fb
                    00BC   1104 G$PS$0$0 == 0x00bc
                    00BC   1105 _PS	=	0x00bc
                    00B9   1106 G$PT0$0$0 == 0x00b9
                    00B9   1107 _PT0	=	0x00b9
                    00BB   1108 G$PT1$0$0 == 0x00bb
                    00BB   1109 _PT1	=	0x00bb
                    00BD   1110 G$PT2$0$0 == 0x00bd
                    00BD   1111 _PT2	=	0x00bd
                    00B8   1112 G$PX0$0$0 == 0x00b8
                    00B8   1113 _PX0	=	0x00b8
                    00BA   1114 G$PX1$0$0 == 0x00ba
                    00BA   1115 _PX1	=	0x00ba
                    00B1   1116 G$IERR$0$0 == 0x00b1
                    00B1   1117 _IERR	=	0x00b1
                    00B0   1118 G$IRDY$0$0 == 0x00b0
                    00B0   1119 _IRDY	=	0x00b0
                    00B2   1120 G$MDU_BSY$0$0 == 0x00b2
                    00B2   1121 _MDU_BSY	=	0x00b2
                    00D6   1122 G$AC$0$0 == 0x00d6
                    00D6   1123 _AC	=	0x00d6
                    00D7   1124 G$CY$0$0 == 0x00d7
                    00D7   1125 _CY	=	0x00d7
                    00D5   1126 G$F0$0$0 == 0x00d5
                    00D5   1127 _F0	=	0x00d5
                    00D1   1128 G$F1$0$0 == 0x00d1
                    00D1   1129 _F1	=	0x00d1
                    00D2   1130 G$OV$0$0 == 0x00d2
                    00D2   1131 _OV	=	0x00d2
                    00D0   1132 G$P$0$0 == 0x00d0
                    00D0   1133 _P	=	0x00d0
                    00D3   1134 G$RS0$0$0 == 0x00d3
                    00D3   1135 _RS0	=	0x00d3
                    00D4   1136 G$RS1$0$0 == 0x00d4
                    00D4   1137 _RS1	=	0x00d4
                    009A   1138 G$RB8$0$0 == 0x009a
                    009A   1139 _RB8	=	0x009a
                    009C   1140 G$REN$0$0 == 0x009c
                    009C   1141 _REN	=	0x009c
                    0098   1142 G$RI$0$0 == 0x0098
                    0098   1143 _RI	=	0x0098
                    009F   1144 G$SM0$0$0 == 0x009f
                    009F   1145 _SM0	=	0x009f
                    009E   1146 G$SM1$0$0 == 0x009e
                    009E   1147 _SM1	=	0x009e
                    009D   1148 G$SM2$0$0 == 0x009d
                    009D   1149 _SM2	=	0x009d
                    009B   1150 G$TB8$0$0 == 0x009b
                    009B   1151 _TB8	=	0x009b
                    0099   1152 G$TI$0$0 == 0x0099
                    0099   1153 _TI	=	0x0099
                    00C1   1154 G$C_T2$0$0 == 0x00c1
                    00C1   1155 _C_T2	=	0x00c1
                    00C0   1156 G$CP_RL2$0$0 == 0x00c0
                    00C0   1157 _CP_RL2	=	0x00c0
                    00C3   1158 G$EXEN2$0$0 == 0x00c3
                    00C3   1159 _EXEN2	=	0x00c3
                    00C6   1160 G$EXF2$0$0 == 0x00c6
                    00C6   1161 _EXF2	=	0x00c6
                    00C7   1162 G$TF2$0$0 == 0x00c7
                    00C7   1163 _TF2	=	0x00c7
                    00C2   1164 G$TR2$0$0 == 0x00c2
                    00C2   1165 _TR2	=	0x00c2
                    0089   1166 G$IE0$0$0 == 0x0089
                    0089   1167 _IE0	=	0x0089
                    008B   1168 G$IE1$0$0 == 0x008b
                    008B   1169 _IE1	=	0x008b
                    0088   1170 G$IT0$0$0 == 0x0088
                    0088   1171 _IT0	=	0x0088
                    008A   1172 G$IT1$0$0 == 0x008a
                    008A   1173 _IT1	=	0x008a
                    008D   1174 G$TF0$0$0 == 0x008d
                    008D   1175 _TF0	=	0x008d
                    008F   1176 G$TF1$0$0 == 0x008f
                    008F   1177 _TF1	=	0x008f
                    008C   1178 G$TR0$0$0 == 0x008c
                    008C   1179 _TR0	=	0x008c
                    008E   1180 G$TR1$0$0 == 0x008e
                    008E   1181 _TR1	=	0x008e
                    00CA   1182 G$RB8_1$0$0 == 0x00ca
                    00CA   1183 _RB8_1	=	0x00ca
                    00CC   1184 G$REN_1$0$0 == 0x00cc
                    00CC   1185 _REN_1	=	0x00cc
                    00C8   1186 G$RI_1$0$0 == 0x00c8
                    00C8   1187 _RI_1	=	0x00c8
                    00CF   1188 G$SM0_1$0$0 == 0x00cf
                    00CF   1189 _SM0_1	=	0x00cf
                    00CE   1190 G$SM1_1$0$0 == 0x00ce
                    00CE   1191 _SM1_1	=	0x00ce
                    00CD   1192 G$SM2_1$0$0 == 0x00cd
                    00CD   1193 _SM2_1	=	0x00cd
                    00CB   1194 G$TB8_1$0$0 == 0x00cb
                    00CB   1195 _TB8_1	=	0x00cb
                    00C9   1196 G$TI_1$0$0 == 0x00c9
                    00C9   1197 _TI_1	=	0x00c9
                    0080   1198 G$P0_0$0$0 == 0x0080
                    0080   1199 _P0_0	=	0x0080
                    0081   1200 G$P0_1$0$0 == 0x0081
                    0081   1201 _P0_1	=	0x0081
                    0082   1202 G$P0_2$0$0 == 0x0082
                    0082   1203 _P0_2	=	0x0082
                    0083   1204 G$P0_3$0$0 == 0x0083
                    0083   1205 _P0_3	=	0x0083
                    0084   1206 G$P0_4$0$0 == 0x0084
                    0084   1207 _P0_4	=	0x0084
                    0085   1208 G$P0_5$0$0 == 0x0085
                    0085   1209 _P0_5	=	0x0085
                    0087   1210 G$P0_7$0$0 == 0x0087
                    0087   1211 _P0_7	=	0x0087
                    0090   1212 G$P1_0$0$0 == 0x0090
                    0090   1213 _P1_0	=	0x0090
                    0091   1214 G$P1_1$0$0 == 0x0091
                    0091   1215 _P1_1	=	0x0091
                    0092   1216 G$P1_2$0$0 == 0x0092
                    0092   1217 _P1_2	=	0x0092
                    0093   1218 G$P1_3$0$0 == 0x0093
                    0093   1219 _P1_3	=	0x0093
                    0094   1220 G$P1_4$0$0 == 0x0094
                    0094   1221 _P1_4	=	0x0094
                    0095   1222 G$P1_5$0$0 == 0x0095
                    0095   1223 _P1_5	=	0x0095
                    0096   1224 G$P1_6$0$0 == 0x0096
                    0096   1225 _P1_6	=	0x0096
                    0097   1226 G$P1_7$0$0 == 0x0097
                    0097   1227 _P1_7	=	0x0097
                    00A0   1228 G$P2_0$0$0 == 0x00a0
                    00A0   1229 _P2_0	=	0x00a0
                    00A1   1230 G$P2_1$0$0 == 0x00a1
                    00A1   1231 _P2_1	=	0x00a1
                    00A2   1232 G$P2_2$0$0 == 0x00a2
                    00A2   1233 _P2_2	=	0x00a2
                    00A3   1234 G$P2_3$0$0 == 0x00a3
                    00A3   1235 _P2_3	=	0x00a3
                    00A4   1236 G$P2_4$0$0 == 0x00a4
                    00A4   1237 _P2_4	=	0x00a4
                    00A5   1238 G$P2_5$0$0 == 0x00a5
                    00A5   1239 _P2_5	=	0x00a5
                    00A6   1240 G$P2_6$0$0 == 0x00a6
                    00A6   1241 _P2_6	=	0x00a6
                    00A7   1242 G$P2_7$0$0 == 0x00a7
                    00A7   1243 _P2_7	=	0x00a7
                    00B0   1244 G$P3_0$0$0 == 0x00b0
                    00B0   1245 _P3_0	=	0x00b0
                    00B1   1246 G$P3_1$0$0 == 0x00b1
                    00B1   1247 _P3_1	=	0x00b1
                    00B2   1248 G$P3_2$0$0 == 0x00b2
                    00B2   1249 _P3_2	=	0x00b2
                    00B3   1250 G$P3_3$0$0 == 0x00b3
                    00B3   1251 _P3_3	=	0x00b3
                    00B4   1252 G$P3_4$0$0 == 0x00b4
                    00B4   1253 _P3_4	=	0x00b4
                    00B5   1254 G$P3_5$0$0 == 0x00b5
                    00B5   1255 _P3_5	=	0x00b5
                    00B6   1256 G$P3_6$0$0 == 0x00b6
                    00B6   1257 _P3_6	=	0x00b6
                    00B7   1258 G$P3_7$0$0 == 0x00b7
                    00B7   1259 _P3_7	=	0x00b7
                    00C8   1260 G$P4_0$0$0 == 0x00c8
                    00C8   1261 _P4_0	=	0x00c8
                    00C9   1262 G$P4_1$0$0 == 0x00c9
                    00C9   1263 _P4_1	=	0x00c9
                    00CB   1264 G$P4_3$0$0 == 0x00cb
                    00CB   1265 _P4_3	=	0x00cb
                           1266 ;--------------------------------------------------------
                           1267 ; overlayable register banks
                           1268 ;--------------------------------------------------------
                           1269 	.area REG_BANK_0	(REL,OVR,DATA)
   0000                    1270 	.ds 8
                           1271 ;--------------------------------------------------------
                           1272 ; internal ram data
                           1273 ;--------------------------------------------------------
                           1274 	.area DSEG    (DATA)
                           1275 ;--------------------------------------------------------
                           1276 ; overlayable items in internal ram 
                           1277 ;--------------------------------------------------------
                           1278 	.area OSEG    (OVR,DATA)
                           1279 ;--------------------------------------------------------
                           1280 ; indirectly addressable internal ram data
                           1281 ;--------------------------------------------------------
                           1282 	.area ISEG    (DATA)
                           1283 ;--------------------------------------------------------
                           1284 ; absolute internal ram data
                           1285 ;--------------------------------------------------------
                           1286 	.area IABS    (ABS,DATA)
                           1287 	.area IABS    (ABS,DATA)
                           1288 ;--------------------------------------------------------
                           1289 ; bit data
                           1290 ;--------------------------------------------------------
                           1291 	.area BSEG    (BIT)
                           1292 ;--------------------------------------------------------
                           1293 ; paged external ram data
                           1294 ;--------------------------------------------------------
                           1295 	.area PSEG    (PAG,XDATA)
                           1296 ;--------------------------------------------------------
                           1297 ; external ram data
                           1298 ;--------------------------------------------------------
                           1299 	.area XSEG    (XDATA)
                           1300 ;--------------------------------------------------------
                           1301 ; absolute external ram data
                           1302 ;--------------------------------------------------------
                           1303 	.area XABS    (ABS,XDATA)
                           1304 ;--------------------------------------------------------
                           1305 ; external initialized ram data
                           1306 ;--------------------------------------------------------
                           1307 	.area XISEG   (XDATA)
                           1308 	.area HOME    (CODE)
                           1309 	.area GSINIT0 (CODE)
                           1310 	.area GSINIT1 (CODE)
                           1311 	.area GSINIT2 (CODE)
                           1312 	.area GSINIT3 (CODE)
                           1313 	.area GSINIT4 (CODE)
                           1314 	.area GSINIT5 (CODE)
                           1315 	.area GSINIT  (CODE)
                           1316 	.area GSFINAL (CODE)
                           1317 	.area CSEG    (CODE)
                           1318 ;--------------------------------------------------------
                           1319 ; global & static initialisations
                           1320 ;--------------------------------------------------------
                           1321 	.area HOME    (CODE)
                           1322 	.area GSINIT  (CODE)
                           1323 	.area GSFINAL (CODE)
                           1324 	.area GSINIT  (CODE)
                           1325 ;--------------------------------------------------------
                           1326 ; Home
                           1327 ;--------------------------------------------------------
                           1328 	.area HOME    (CODE)
                           1329 	.area HOME    (CODE)
                           1330 ;--------------------------------------------------------
                           1331 ; code
                           1332 ;--------------------------------------------------------
                           1333 	.area CSEG    (CODE)
                           1334 ;------------------------------------------------------------
                           1335 ;Allocation info for local variables in function 'T2_vInit'
                           1336 ;------------------------------------------------------------
                           1337 ;------------------------------------------------------------
                    0000   1338 	G$T2_vInit$0$0 ==.
                    0000   1339 	C$T2.C$131$0$0 ==.
                           1340 ;	../T2.C:131: void T2_vInit(void)
                           1341 ;	-----------------------------------------
                           1342 ;	 function T2_vInit
                           1343 ;	-----------------------------------------
   0000                    1344 _T2_vInit:
                    0002   1345 	ar2 = 0x02
                    0003   1346 	ar3 = 0x03
                    0004   1347 	ar4 = 0x04
                    0005   1348 	ar5 = 0x05
                    0006   1349 	ar6 = 0x06
                    0007   1350 	ar7 = 0x07
                    0000   1351 	ar0 = 0x00
                    0001   1352 	ar1 = 0x01
                    0000   1353 	C$T2.C$152$1$1 ==.
                           1354 ;	../T2.C:152: T2_T2LH       =  0x8AD0;       // load timer 2 reload/capture register low 
   0000 75 C4 D0           1355 	mov	_T2_T2LH,#0xD0
   0003 75 C5 8A           1356 	mov	(_T2_T2LH >> 8),#0x8A
                    0006   1357 	C$T2.C$155$1$1 ==.
                           1358 ;	../T2.C:155: T2_RC2LH      =  0x8AD0;       // load timer 2 reload/capture register low 
   0006 75 C2 D0           1359 	mov	_T2_RC2LH,#0xD0
   0009 75 C3 8A           1360 	mov	(_T2_RC2LH >> 8),#0x8A
                    000C   1361 	C$T2.C$157$1$1 ==.
                           1362 ;	../T2.C:157: T2_T2MOD      =  0x18;         // load timer 2 mode register
   000C 75 C1 18           1363 	mov	_T2_T2MOD,#0x18
                    000F   1364 	C$T2.C$165$1$1 ==.
                           1365 ;	../T2.C:165: TR2 = 1; //   start timer
   000F D2 C2              1366 	setb	_TR2
                    0011   1367 	C$T2.C$167$1$1 ==.
                    0011   1368 	XG$T2_vInit$0$0 ==.
   0011 22                 1369 	ret
                           1370 	.area CSEG    (CODE)
                           1371 	.area CONST   (CODE)
                           1372 	.area XINIT   (CODE)
                           1373 	.area CABS    (ABS,CODE)
